
**** Build of configuration CPU1_FLASH for project i2t_SSCB_syscfg ****

"C:\\ti\\ccs1260\\ccs\\utils\\bin\\gmake" -k -j 20 all -O 
 
Building file: "../i2t_SSCB.syscfg"
Invoking: SysConfig
"C:/ti/ccs1260/ccs/utils/sysconfig_1.19.0/sysconfig_cli.bat" --script "C:/Users/DELL/Desktop/Code_eFuse/i2t_Launchpad_F28379D_Code/i2t_SSCB_syscfg/i2t_SSCB.syscfg" -o "syscfg" -s "C:/ti/c2000/C2000Ware_5_01_00_00/.metadata/sdk.json" -b "/boards/LAUNCHXL_F28379D" --compiler ccs
Running script...
Validating...
info: myEPWM1(/driverlib/epwm.js) epwmTimebase_clockDiv: For perfectly synchronized TBCLKs across multiple EPWM modules, the prescaler bits in the TBCTL register of each EPWM module must be set identically
info: myEPWM1(/driverlib/epwm.js) epwmActionQualifier_t1Source: T1/T2 selection and configuration of a trip/digital-compare event is indpendent of the configuration of that event in the Trip-Zone submodule
info: myEPWM1(/driverlib/epwm.js) epwmActionQualifier_t2Source: T1/T2 selection and configuration of a trip/digital-compare event is indpendent of the configuration of that event in the Trip-Zone submodule
Generating Code (i2t_SSCB.syscfg)...
Writing C:\Users\DELL\Desktop\Code_eFuse\i2t_Launchpad_F28379D_Code\i2t_SSCB_syscfg\CPU1_FLASH\syscfg\board.c...
Writing C:\Users\DELL\Desktop\Code_eFuse\i2t_Launchpad_F28379D_Code\i2t_SSCB_syscfg\CPU1_FLASH\syscfg\board.h...
Writing C:\Users\DELL\Desktop\Code_eFuse\i2t_Launchpad_F28379D_Code\i2t_SSCB_syscfg\CPU1_FLASH\syscfg\board.cmd.genlibs...
Writing C:\Users\DELL\Desktop\Code_eFuse\i2t_Launchpad_F28379D_Code\i2t_SSCB_syscfg\CPU1_FLASH\syscfg\board.opt...
Writing C:\Users\DELL\Desktop\Code_eFuse\i2t_Launchpad_F28379D_Code\i2t_SSCB_syscfg\CPU1_FLASH\syscfg\pinmux.csv...
Writing C:\Users\DELL\Desktop\Code_eFuse\i2t_Launchpad_F28379D_Code\i2t_SSCB_syscfg\CPU1_FLASH\syscfg\epwm.dot...
Writing C:\Users\DELL\Desktop\Code_eFuse\i2t_Launchpad_F28379D_Code\i2t_SSCB_syscfg\CPU1_FLASH\syscfg\adc.dot...
Writing C:\Users\DELL\Desktop\Code_eFuse\i2t_Launchpad_F28379D_Code\i2t_SSCB_syscfg\CPU1_FLASH\syscfg\c2000ware_libraries.cmd.genlibs...
Writing C:\Users\DELL\Desktop\Code_eFuse\i2t_Launchpad_F28379D_Code\i2t_SSCB_syscfg\CPU1_FLASH\syscfg\c2000ware_libraries.opt...
Writing C:\Users\DELL\Desktop\Code_eFuse\i2t_Launchpad_F28379D_Code\i2t_SSCB_syscfg\CPU1_FLASH\syscfg\c2000ware_libraries.c...
Writing C:\Users\DELL\Desktop\Code_eFuse\i2t_Launchpad_F28379D_Code\i2t_SSCB_syscfg\CPU1_FLASH\syscfg\c2000ware_libraries.h...
Writing C:\Users\DELL\Desktop\Code_eFuse\i2t_Launchpad_F28379D_Code\i2t_SSCB_syscfg\CPU1_FLASH\syscfg\clocktree.h...
Finished building: "../i2t_SSCB.syscfg"
 
Building file: "../device/F2837xD_CodeStartBranch.asm"
Invoking: C2000 Compiler
"C:/ti/ccs1260/ccs/tools/compiler/ti-cgt-c2000_22.6.1.LTS/bin/cl2000" -v28 -ml -mt --cla_support=cla2 --float_support=fpu32 --tmu_support=tmu0 --vcu_support=vcu0 -Ooff --include_path="C:/Users/DELL/Desktop/Code_eFuse/i2t_Launchpad_F28379D_Code/i2t_SSCB_syscfg" --include_path="C:/Users/DELL/Desktop/Code_eFuse/i2t_Launchpad_F28379D_Code/i2t_SSCB_syscfg/device" --include_path="C:/ti/c2000/C2000Ware_5_01_00_00/driverlib/f2837xd/driverlib" --include_path="C:/ti/ccs1260/ccs/tools/compiler/ti-cgt-c2000_22.6.1.LTS/include" --define=DEBUG --define=_LAUNCHXL_F28379D --define=CPU1 --define=_FLASH --diag_suppress=10063 --diag_warning=225 --diag_wrap=off --display_error_number --abi=eabi --preproc_with_compile --preproc_dependency="device/F2837xD_CodeStartBranch.d_raw" --include_path="C:/Users/DELL/Desktop/Code_eFuse/i2t_Launchpad_F28379D_Code/i2t_SSCB_syscfg/CPU1_FLASH/syscfg" --obj_directory="device" --cmd_file="syscfg/board.opt" --cmd_file="syscfg/c2000ware_libraries.opt"  "../device/F2837xD_CodeStartBranch.asm"
Finished building: "../device/F2837xD_CodeStartBranch.asm"
 
Building file: "../i2t_SSCB_syscfg.c"
Invoking: C2000 Compiler
"C:/ti/ccs1260/ccs/tools/compiler/ti-cgt-c2000_22.6.1.LTS/bin/cl2000" -v28 -ml -mt --cla_support=cla2 --float_support=fpu32 --tmu_support=tmu0 --vcu_support=vcu0 -Ooff --include_path="C:/Users/DELL/Desktop/Code_eFuse/i2t_Launchpad_F28379D_Code/i2t_SSCB_syscfg" --include_path="C:/Users/DELL/Desktop/Code_eFuse/i2t_Launchpad_F28379D_Code/i2t_SSCB_syscfg/device" --include_path="C:/ti/c2000/C2000Ware_5_01_00_00/driverlib/f2837xd/driverlib" --include_path="C:/ti/ccs1260/ccs/tools/compiler/ti-cgt-c2000_22.6.1.LTS/include" --define=DEBUG --define=_LAUNCHXL_F28379D --define=CPU1 --define=_FLASH --diag_suppress=10063 --diag_warning=225 --diag_wrap=off --display_error_number --abi=eabi --preproc_with_compile --preproc_dependency="i2t_SSCB_syscfg.d_raw" --include_path="C:/Users/DELL/Desktop/Code_eFuse/i2t_Launchpad_F28379D_Code/i2t_SSCB_syscfg/CPU1_FLASH/syscfg" --cmd_file="syscfg/board.opt" --cmd_file="syscfg/c2000ware_libraries.opt"  "../i2t_SSCB_syscfg.c"
"../i2t_SSCB_syscfg.c", line 97 (col. 13): advice #3195-D: (Performance) EABI double precision is 64-bits as opposed to 32-bits for COFF. Consider changing doubles to floats for improved performance in FPU32-mode.
"../i2t_SSCB_syscfg.c", line 97 (col. 19): advice #3195-D: (Performance) EABI double precision is 64-bits as opposed to 32-bits for COFF. Consider changing doubles to floats for improved performance in FPU32-mode.
"../i2t_SSCB_syscfg.c", line 97 (col. 21): advice #3195-D: (Performance) EABI double precision is 64-bits as opposed to 32-bits for COFF. Consider changing doubles to floats for improved performance in FPU32-mode.
Finished building: "../i2t_SSCB_syscfg.c"
 
Building file: "syscfg/c2000ware_libraries.c"
Invoking: C2000 Compiler
"C:/ti/ccs1260/ccs/tools/compiler/ti-cgt-c2000_22.6.1.LTS/bin/cl2000" -v28 -ml -mt --cla_support=cla2 --float_support=fpu32 --tmu_support=tmu0 --vcu_support=vcu0 -Ooff --include_path="C:/Users/DELL/Desktop/Code_eFuse/i2t_Launchpad_F28379D_Code/i2t_SSCB_syscfg" --include_path="C:/Users/DELL/Desktop/Code_eFuse/i2t_Launchpad_F28379D_Code/i2t_SSCB_syscfg/device" --include_path="C:/ti/c2000/C2000Ware_5_01_00_00/driverlib/f2837xd/driverlib" --include_path="C:/ti/ccs1260/ccs/tools/compiler/ti-cgt-c2000_22.6.1.LTS/include" --define=DEBUG --define=_LAUNCHXL_F28379D --define=CPU1 --define=_FLASH --diag_suppress=10063 --diag_warning=225 --diag_wrap=off --display_error_number --abi=eabi --preproc_with_compile --preproc_dependency="syscfg/c2000ware_libraries.d_raw" --include_path="C:/Users/DELL/Desktop/Code_eFuse/i2t_Launchpad_F28379D_Code/i2t_SSCB_syscfg/CPU1_FLASH/syscfg" --obj_directory="syscfg" --cmd_file="syscfg/board.opt" --cmd_file="syscfg/c2000ware_libraries.opt"  "syscfg/c2000ware_libraries.c"
Finished building: "syscfg/c2000ware_libraries.c"
 
Building file: "../device/device.c"
Invoking: C2000 Compiler
"C:/ti/ccs1260/ccs/tools/compiler/ti-cgt-c2000_22.6.1.LTS/bin/cl2000" -v28 -ml -mt --cla_support=cla2 --float_support=fpu32 --tmu_support=tmu0 --vcu_support=vcu0 -Ooff --include_path="C:/Users/DELL/Desktop/Code_eFuse/i2t_Launchpad_F28379D_Code/i2t_SSCB_syscfg" --include_path="C:/Users/DELL/Desktop/Code_eFuse/i2t_Launchpad_F28379D_Code/i2t_SSCB_syscfg/device" --include_path="C:/ti/c2000/C2000Ware_5_01_00_00/driverlib/f2837xd/driverlib" --include_path="C:/ti/ccs1260/ccs/tools/compiler/ti-cgt-c2000_22.6.1.LTS/include" --define=DEBUG --define=_LAUNCHXL_F28379D --define=CPU1 --define=_FLASH --diag_suppress=10063 --diag_warning=225 --diag_wrap=off --display_error_number --abi=eabi --preproc_with_compile --preproc_dependency="device/device.d_raw" --include_path="C:/Users/DELL/Desktop/Code_eFuse/i2t_Launchpad_F28379D_Code/i2t_SSCB_syscfg/CPU1_FLASH/syscfg" --obj_directory="device" --cmd_file="syscfg/board.opt" --cmd_file="syscfg/c2000ware_libraries.opt"  "../device/device.c"
Finished building: "../device/device.c"
 
Building file: "syscfg/board.c"
Invoking: C2000 Compiler
"C:/ti/ccs1260/ccs/tools/compiler/ti-cgt-c2000_22.6.1.LTS/bin/cl2000" -v28 -ml -mt --cla_support=cla2 --float_support=fpu32 --tmu_support=tmu0 --vcu_support=vcu0 -Ooff --include_path="C:/Users/DELL/Desktop/Code_eFuse/i2t_Launchpad_F28379D_Code/i2t_SSCB_syscfg" --include_path="C:/Users/DELL/Desktop/Code_eFuse/i2t_Launchpad_F28379D_Code/i2t_SSCB_syscfg/device" --include_path="C:/ti/c2000/C2000Ware_5_01_00_00/driverlib/f2837xd/driverlib" --include_path="C:/ti/ccs1260/ccs/tools/compiler/ti-cgt-c2000_22.6.1.LTS/include" --define=DEBUG --define=_LAUNCHXL_F28379D --define=CPU1 --define=_FLASH --diag_suppress=10063 --diag_warning=225 --diag_wrap=off --display_error_number --abi=eabi --preproc_with_compile --preproc_dependency="syscfg/board.d_raw" --include_path="C:/Users/DELL/Desktop/Code_eFuse/i2t_Launchpad_F28379D_Code/i2t_SSCB_syscfg/CPU1_FLASH/syscfg" --obj_directory="syscfg" --cmd_file="syscfg/board.opt" --cmd_file="syscfg/c2000ware_libraries.opt"  "syscfg/board.c"
Finished building: "syscfg/board.c"
 
Building target: "i2t_SSCB_syscfg.out"
Invoking: C2000 Linker
"C:/ti/ccs1260/ccs/tools/compiler/ti-cgt-c2000_22.6.1.LTS/bin/cl2000" -v28 -ml -mt --cla_support=cla2 --float_support=fpu32 --tmu_support=tmu0 --vcu_support=vcu0 -Ooff --define=DEBUG --define=_LAUNCHXL_F28379D --define=CPU1 --define=_FLASH --diag_suppress=10063 --diag_warning=225 --diag_wrap=off --display_error_number --abi=eabi -z -m"i2t_SSCB_syscfg.map" --stack_size=0x100 --warn_sections -i"C:/ti/ccs1260/ccs/tools/compiler/ti-cgt-c2000_22.6.1.LTS/lib" -i"C:/ti/ccs1260/ccs/tools/compiler/ti-cgt-c2000_22.6.1.LTS/include" --reread_libs --diag_wrap=off --display_error_number --xml_link_info="i2t_SSCB_syscfg_linkInfo.xml" --entry_point=code_start --rom_model -o "i2t_SSCB_syscfg.out" "./syscfg/board.obj" "./syscfg/c2000ware_libraries.obj" "./i2t_SSCB_syscfg.obj" "./device/F2837xD_CodeStartBranch.obj" "./device/device.obj" "../2837xD_FLASH_lnk_cpu1.cmd" "C:/ti/c2000/C2000Ware_5_01_00_00/driverlib/f2837xd/driverlib/ccs/Debug/driverlib.lib"  -llibc.a 
<Linking>
Finished building target: "i2t_SSCB_syscfg.out"
 

**** Build Finished ****
